# JRE version: Java(TM) SE Runtime Environment (8.0_211-b12) (build 1.8.0_211-b12)
# Java VM: Java HotSpot(TM) 64-Bit Server VM (25.211-b12 mixed mode windows-amd64 compressed oops)
Heap:
 PSYoungGen      total 3072K, used 1577K [0x00000000d5c00000, 0x00000000d6000000, 0x0000000100000000)
  eden space 2560K, 61% used [0x00000000d5c00000,0x00000000d5d8a5a0,0x00000000d5e80000)
  from space 512K, 0% used [0x00000000d5f80000,0x00000000d5f80000,0x00000000d6000000)
  to   space 512K, 18% used [0x00000000d5f00000,0x00000000d5f18000,0x00000000d5f80000)
 ParOldGen       total 1384448K, used 1383753K [0x0000000081400000, 0x00000000d5c00000, 0x00000000d5c00000)
  object space 1384448K, 99% used [0x0000000081400000,0x00000000d5b52690,0x00000000d5c00000)
 Metaspace       used 8375K, capacity 8504K, committed 8576K, reserved 1056768K
  class space    used 821K, capacity 852K, committed 896K, reserved 1048576K
GC Heap History (10 events):
Event: 5680.286 GC heap after
Heap after GC invocations=6370 (full 84):
 PSYoungGen      total 3072K, used 1308K [0x00000000d5c00000, 0x00000000d6000000, 0x0000000100000000)
  eden space 2560K, 51% used [0x00000000d5c00000,0x00000000d5d470e0,0x00000000d5e80000)
  from space 512K, 0% used [0x00000000d5f80000,0x00000000d5f80000,0x00000000d6000000)
  to   space 512K, 0% used [0x00000000d5f00000,0x00000000d5f00000,0x00000000d5f80000)
 ParOldGen       total 1384448K, used 1383752K [0x0000000081400000, 0x00000000d5c00000, 0x00000000d5c00000)
  object space 1384448K, 99% used [0x0000000081400000,0x00000000d5b52278,0x00000000d5c00000)
 Metaspace       used 8367K, capacity 8504K, committed 8576K, reserved 1056768K
  class space    used 820K, capacity 852K, committed 896K, reserved 1048576K
}
Event: 5680.341 GC heap before
{Heap before GC invocations=6371 (full 84):
 PSYoungGen      total 3072K, used 1689K [0x00000000d5c00000, 0x00000000d6000000, 0x0000000100000000)
  eden space 2560K, 66% used [0x00000000d5c00000,0x00000000d5da66d0,0x00000000d5e80000)
  from space 512K, 0% used [0x00000000d5f80000,0x00000000d5f80000,0x00000000d6000000)
  to   space 512K, 0% used [0x00000000d5f00000,0x00000000d5f00000,0x00000000d5f80000)
 ParOldGen       total 1384448K, used 1383752K [0x0000000081400000, 0x00000000d5c00000, 0x00000000d5c00000)
  object space 1384448K, 99% used [0x0000000081400000,0x00000000d5b52278,0x00000000d5c00000)
 Metaspace       used 8367K, capacity 8504K, committed 8576K, reserved 1056768K
  class space    used 820K, capacity 852K, committed 896K, reserved 1048576K
Event: 5680.354 GC heap after
Heap after GC invocations=6371 (full 84):
 PSYoungGen      total 3072K, used 1689K [0x00000000d5c00000, 0x00000000d6000000, 0x0000000100000000)
  eden space 2560K, 66% used [0x00000000d5c00000,0x00000000d5da66d0,0x00000000d5e80000)
  from space 512K, 0% used [0x00000000d5f80000,0x00000000d5f80000,0x00000000d6000000)
  to   space 512K, 15% used [0x00000000d5f00000,0x00000000d5f14010,0x00000000d5f80000)
 ParOldGen       total 1384448K, used 1383760K [0x0000000081400000, 0x00000000d5c00000, 0x00000000d5c00000)
  object space 1384448K, 99% used [0x0000000081400000,0x00000000d5b54278,0x00000000d5c00000)
 Metaspace       used 8367K, capacity 8504K, committed 8576K, reserved 1056768K
  class space    used 820K, capacity 852K, committed 896K, reserved 1048576K
}
Event: 5680.354 GC heap before
{Heap before GC invocations=6372 (full 85):
 PSYoungGen      total 3072K, used 1689K [0x00000000d5c00000, 0x00000000d6000000, 0x0000000100000000)
  eden space 2560K, 66% used [0x00000000d5c00000,0x00000000d5da66d0,0x00000000d5e80000)
  from space 512K, 0% used [0x00000000d5f80000,0x00000000d5f80000,0x00000000d6000000)
  to   space 512K, 15% used [0x00000000d5f00000,0x00000000d5f14010,0x00000000d5f80000)
 ParOldGen       total 1384448K, used 1383760K [0x0000000081400000, 0x00000000d5c00000, 0x00000000d5c00000)
  object space 1384448K, 99% used [0x0000000081400000,0x00000000d5b54278,0x00000000d5c00000)
 Metaspace       used 8367K, capacity 8504K, committed 8576K, reserved 1056768K
  class space    used 820K, capacity 852K, committed 896K, reserved 1048576K
Event: 5680.454 GC heap after
Heap after GC invocations=6372 (full 85):
 PSYoungGen      total 3072K, used 1340K [0x00000000d5c00000, 0x00000000d6000000, 0x0000000100000000)
  eden space 2560K, 52% used [0x00000000d5c00000,0x00000000d5d4f2a0,0x00000000d5e80000)
  from space 512K, 0% used [0x00000000d5f80000,0x00000000d5f80000,0x00000000d6000000)
  to   space 512K, 0% used [0x00000000d5f00000,0x00000000d5f00000,0x00000000d5f80000)
 ParOldGen       total 1384448K, used 1383752K [0x0000000081400000, 0x00000000d5c00000, 0x00000000d5c00000)
  object space 1384448K, 99% used [0x0000000081400000,0x00000000d5b522a0,0x00000000d5c00000)
 Metaspace       used 8367K, capacity 8504K, committed 8576K, reserved 1056768K
  class space    used 820K, capacity 852K, committed 896K, reserved 1048576K
}
Event: 5680.454 GC heap before
{Heap before GC invocations=6373 (full 85):
 PSYoungGen      total 3072K, used 1340K [0x00000000d5c00000, 0x00000000d6000000, 0x0000000100000000)
  eden space 2560K, 52% used [0x00000000d5c00000,0x00000000d5d4f2a0,0x00000000d5e80000)
  from space 512K, 0% used [0x00000000d5f80000,0x00000000d5f80000,0x00000000d6000000)
  to   space 512K, 0% used [0x00000000d5f00000,0x00000000d5f00000,0x00000000d5f80000)
 ParOldGen       total 1384448K, used 1383752K [0x0000000081400000, 0x00000000d5c00000, 0x00000000d5c00000)
  object space 1384448K, 99% used [0x0000000081400000,0x00000000d5b522a0,0x00000000d5c00000)
 Metaspace       used 8367K, capacity 8504K, committed 8576K, reserved 1056768K
  class space    used 820K, capacity 852K, committed 896K, reserved 1048576K
Event: 5680.468 GC heap after
Heap after GC invocations=6373 (full 85):
 PSYoungGen      total 3072K, used 1340K [0x00000000d5c00000, 0x00000000d6000000, 0x0000000100000000)
  eden space 2560K, 52% used [0x00000000d5c00000,0x00000000d5d4f2a0,0x00000000d5e80000)
  from space 512K, 0% used [0x00000000d5f80000,0x00000000d5f80000,0x00000000d6000000)
  to   space 512K, 0% used [0x00000000d5f00000,0x00000000d5f00000,0x00000000d5f80000)
 ParOldGen       total 1384448K, used 1383768K [0x0000000081400000, 0x00000000d5c00000, 0x00000000d5c00000)
  object space 1384448K, 99% used [0x0000000081400000,0x00000000d5b562a0,0x00000000d5c00000)
 Metaspace       used 8367K, capacity 8504K, committed 8576K, reserved 1056768K
  class space    used 820K, capacity 852K, committed 896K, reserved 1048576K
}
Event: 5680.468 GC heap before
{Heap before GC invocations=6374 (full 86):
 PSYoungGen      total 3072K, used 1340K [0x00000000d5c00000, 0x00000000d6000000, 0x0000000100000000)
  eden space 2560K, 52% used [0x00000000d5c00000,0x00000000d5d4f2a0,0x00000000d5e80000)
  from space 512K, 0% used [0x00000000d5f80000,0x00000000d5f80000,0x00000000d6000000)
  to   space 512K, 0% used [0x00000000d5f00000,0x00000000d5f00000,0x00000000d5f80000)
 ParOldGen       total 1384448K, used 1383768K [0x0000000081400000, 0x00000000d5c00000, 0x00000000d5c00000)
  object space 1384448K, 99% used [0x0000000081400000,0x00000000d5b562a0,0x00000000d5c00000)
 Metaspace       used 8367K, capacity 8504K, committed 8576K, reserved 1056768K
  class space    used 820K, capacity 852K, committed 896K, reserved 1048576K
Event: 5680.816 GC heap after
Heap after GC invocations=6374 (full 86):
 PSYoungGen      total 3072K, used 1339K [0x00000000d5c00000, 0x00000000d6000000, 0x0000000100000000)
  eden space 2560K, 52% used [0x00000000d5c00000,0x00000000d5d4ee30,0x00000000d5e80000)
  from space 512K, 0% used [0x00000000d5f80000,0x00000000d5f80000,0x00000000d6000000)
  to   space 512K, 0% used [0x00000000d5f00000,0x00000000d5f00000,0x00000000d5f80000)
 ParOldGen       total 1384448K, used 1383753K [0x0000000081400000, 0x00000000d5c00000, 0x00000000d5c00000)
  object space 1384448K, 99% used [0x0000000081400000,0x00000000d5b52690,0x00000000d5c00000)
 Metaspace       used 8367K, capacity 8504K, committed 8576K, reserved 1056768K
  class space    used 820K, capacity 852K, committed 896K, reserved 1048576K
}
Event: 7594.621 GC heap before
{Heap before GC invocations=6375 (full 86):
 PSYoungGen      total 3072K, used 1577K [0x00000000d5c00000, 0x00000000d6000000, 0x0000000100000000)
  eden space 2560K, 61% used [0x00000000d5c00000,0x00000000d5d8a4c0,0x00000000d5e80000)
  from space 512K, 0% used [0x00000000d5f80000,0x00000000d5f80000,0x00000000d6000000)
  to   space 512K, 0% used [0x00000000d5f00000,0x00000000d5f00000,0x00000000d5f80000)
 ParOldGen       total 1384448K, used 1383753K [0x0000000081400000, 0x00000000d5c00000, 0x00000000d5c00000)
  object space 1384448K, 99% used [0x0000000081400000,0x00000000d5b52690,0x00000000d5c00000)
 Metaspace       used 8375K, capacity 8504K, committed 8576K, reserved 1056768K
  class space    used 821K, capacity 852K, committed 896K, reserved 1048576K

